
pract1a.elf:     file format elf32-littlearm

Sections:
Idx Name          Size      VMA       LMA       File off  Algn
  0 .data         00000008  0c000000  0c000000  00008000  2**0
                  CONTENTS, ALLOC, LOAD, DATA
  1 .bss          00000004  0c000008  0c000008  00008008  2**0
                  ALLOC
  2 .text         00000038  0c00000c  0c00000c  0000800c  2**2
                  CONTENTS, ALLOC, LOAD, READONLY, CODE
  3 .ARM.attributes 00000022  00000000  00000000  00008044  2**0
                  CONTENTS, READONLY
  4 .debug_line   00000047  00000000  00000000  00008066  2**0
                  CONTENTS, READONLY, DEBUGGING
  5 .debug_info   0000006d  00000000  00000000  000080ad  2**0
                  CONTENTS, READONLY, DEBUGGING
  6 .debug_abbrev 00000014  00000000  00000000  0000811a  2**0
                  CONTENTS, READONLY, DEBUGGING
  7 .debug_aranges 00000020  00000000  00000000  00008130  2**3
                  CONTENTS, READONLY, DEBUGGING

Disassembly of section .text:

0c00000c <start>:

.bss
Largest:
		.space 4
.text
start:	LDR 	R4, =X			@ R4 <-- Address of X
 c00000c:	e59f4024 	ldr	r4, [pc, #36]	; c000038 <Done+0x4>
		LDR 	R3, =Y			@ R3 <-- Address of Y
 c000010:	e59f3024 	ldr	r3, [pc, #36]	; c00003c <Done+0x8>
		LDR 	R5, =Largest	@ R5 <-- Address of Largest
 c000014:	e59f5024 	ldr	r5, [pc, #36]	; c000040 <Done+0xc>
		LDR 	R1, [R4]		@ R1 <-- Value of X
 c000018:	e5941000 	ldr	r1, [r4]
		LDR 	R2, [R3]		@ R2 <-- Value of Y
 c00001c:	e5932000 	ldr	r2, [r3]
		CMP 	R1, R2			@ Compute R1-R2
 c000020:	e1510002 	cmp	r1, r2
		BLE 	else			@ IF R1 <= R2, go to else
 c000024:	da000001 	ble	c000030 <else>
		STR 	R1, [R5]		@ Largest <-- Value of R1
 c000028:	e5851000 	str	r1, [r5]
		B		Done			@ Go to Done
 c00002c:	ea000000 	b	c000034 <Done>

0c000030 <else>:
else:	STR 	R2, [R5]		@ Largest <-- Value of R2
 c000030:	e5852000 	str	r2, [r5]

0c000034 <Done>:
Done: 	B 		.				@ Work done, infinite loop
 c000034:	eafffffe 	b	c000034 <Done>
 c000038:	0c000000 	.word	0x0c000000
 c00003c:	0c000004 	.word	0x0c000004
 c000040:	0c000008 	.word	0x0c000008
